  [1m[35m (6.3ms)[0m  [1m[35mCREATE TABLE "schema_migrations" ("version" character varying NOT NULL PRIMARY KEY)[0m
  [1m[35m (6.8ms)[0m  [1m[35mCREATE TABLE "ar_internal_metadata" ("key" character varying NOT NULL PRIMARY KEY, "value" character varying, "created_at" timestamp NOT NULL, "updated_at" timestamp NOT NULL)[0m
  [1m[35m (0.3ms)[0m  [1m[34mSELECT pg_try_advisory_lock(7996259633286766065)[0m
  [1m[35m (0.5ms)[0m  [1m[34mSELECT "schema_migrations"."version" FROM "schema_migrations" ORDER BY "schema_migrations"."version" ASC[0m
Migrating to CreateKittens (20171010032810)
  [1m[35m (0.2ms)[0m  [1m[35mBEGIN[0m
  [1m[35m (36.3ms)[0m  [1m[35mCREATE TABLE "kittens" ("id" bigserial primary key, "name" character varying, "color" character varying, "quirk" character varying)[0m
  [1m[35mSQL (0.7ms)[0m  [1m[32mINSERT INTO "schema_migrations" ("version") VALUES ($1) RETURNING "version"[0m  [["version", "20171010032810"]]
  [1m[35m (0.9ms)[0m  [1m[35mCOMMIT[0m
  [1m[36mActiveRecord::InternalMetadata Load (0.4ms)[0m  [1m[34mSELECT  "ar_internal_metadata".* FROM "ar_internal_metadata" WHERE "ar_internal_metadata"."key" = $1 LIMIT $2[0m  [["key", "environment"], ["LIMIT", 1]]
  [1m[35m (0.2ms)[0m  [1m[35mBEGIN[0m
  [1m[35mSQL (0.4ms)[0m  [1m[32mINSERT INTO "ar_internal_metadata" ("key", "value", "created_at", "updated_at") VALUES ($1, $2, $3, $4) RETURNING "key"[0m  [["key", "environment"], ["value", "development"], ["created_at", "2017-10-10 03:39:17.437134"], ["updated_at", "2017-10-10 03:39:17.437134"]]
  [1m[35m (1.3ms)[0m  [1m[35mCOMMIT[0m
  [1m[35m (0.3ms)[0m  [1m[34mSELECT pg_advisory_unlock(7996259633286766065)[0m
  [1m[35m (0.4ms)[0m  [1m[34mSELECT "schema_migrations"."version" FROM "schema_migrations" ORDER BY "schema_migrations"."version" ASC[0m
Started GET "/posts" for 127.0.0.1 at 2017-10-09 22:40:06 -0500
  [1m[35m (1.2ms)[0m  [1m[34mSELECT "schema_migrations"."version" FROM "schema_migrations" ORDER BY "schema_migrations"."version" ASC[0m
  
ActionController::RoutingError (No route matches [GET] "/posts"):
  
actionpack (5.1.4) lib/action_dispatch/middleware/debug_exceptions.rb:63:in `call'
web-console (3.5.1) lib/web_console/middleware.rb:135:in `call_app'
web-console (3.5.1) lib/web_console/middleware.rb:28:in `block in call'
web-console (3.5.1) lib/web_console/middleware.rb:18:in `catch'
web-console (3.5.1) lib/web_console/middleware.rb:18:in `call'
actionpack (5.1.4) lib/action_dispatch/middleware/show_exceptions.rb:31:in `call'
railties (5.1.4) lib/rails/rack/logger.rb:36:in `call_app'
railties (5.1.4) lib/rails/rack/logger.rb:24:in `block in call'
activesupport (5.1.4) lib/active_support/tagged_logging.rb:69:in `block in tagged'
activesupport (5.1.4) lib/active_support/tagged_logging.rb:26:in `tagged'
activesupport (5.1.4) lib/active_support/tagged_logging.rb:69:in `tagged'
railties (5.1.4) lib/rails/rack/logger.rb:24:in `call'
sprockets-rails (3.2.1) lib/sprockets/rails/quiet_assets.rb:13:in `call'
actionpack (5.1.4) lib/action_dispatch/middleware/remote_ip.rb:79:in `call'
actionpack (5.1.4) lib/action_dispatch/middleware/request_id.rb:25:in `call'
rack (2.0.3) lib/rack/method_override.rb:22:in `call'
rack (2.0.3) lib/rack/runtime.rb:22:in `call'
activesupport (5.1.4) lib/active_support/cache/strategy/local_cache_middleware.rb:27:in `call'
actionpack (5.1.4) lib/action_dispatch/middleware/executor.rb:12:in `call'
actionpack (5.1.4) lib/action_dispatch/middleware/static.rb:125:in `call'
rack (2.0.3) lib/rack/sendfile.rb:111:in `call'
railties (5.1.4) lib/rails/engine.rb:522:in `call'
puma (3.10.0) lib/puma/configuration.rb:225:in `call'
puma (3.10.0) lib/puma/server.rb:605:in `handle_request'
puma (3.10.0) lib/puma/server.rb:437:in `process_client'
puma (3.10.0) lib/puma/server.rb:301:in `block in run'
puma (3.10.0) lib/puma/thread_pool.rb:120:in `block in spawn_thread'
Started GET "/" for 127.0.0.1 at 2017-10-09 22:40:09 -0500
Processing by Rails::WelcomeController#index as HTML
  Rendering /Users/Gilad/.rbenv/versions/2.3.3/lib/ruby/gems/2.3.0/gems/railties-5.1.4/lib/rails/templates/rails/welcome/index.html.erb
  Rendered /Users/Gilad/.rbenv/versions/2.3.3/lib/ruby/gems/2.3.0/gems/railties-5.1.4/lib/rails/templates/rails/welcome/index.html.erb (3.6ms)
Completed 200 OK in 12ms (Views: 7.4ms | ActiveRecord: 0.0ms)


Started GET "/" for 127.0.0.1 at 2017-10-09 22:42:22 -0500
Processing by Rails::WelcomeController#index as HTML
  Rendering /Users/Gilad/.rbenv/versions/2.3.3/lib/ruby/gems/2.3.0/gems/railties-5.1.4/lib/rails/templates/rails/welcome/index.html.erb
  Rendered /Users/Gilad/.rbenv/versions/2.3.3/lib/ruby/gems/2.3.0/gems/railties-5.1.4/lib/rails/templates/rails/welcome/index.html.erb (4.1ms)
Completed 200 OK in 9ms (Views: 6.9ms | ActiveRecord: 0.0ms)


Started GET "/" for 127.0.0.1 at 2017-10-09 22:42:37 -0500
  
ArgumentError (must be called with a path and/or options):
  
config/routes.rb:5:in `block in <top (required)>'
config/routes.rb:1:in `<top (required)>'
Started GET "/" for 127.0.0.1 at 2017-10-09 22:43:11 -0500
  
ActionController::RoutingError (uninitialized constant KittensController):
  
activesupport (5.1.4) lib/active_support/inflector/methods.rb:269:in `const_get'
activesupport (5.1.4) lib/active_support/inflector/methods.rb:269:in `block in constantize'
activesupport (5.1.4) lib/active_support/inflector/methods.rb:267:in `each'
activesupport (5.1.4) lib/active_support/inflector/methods.rb:267:in `inject'
activesupport (5.1.4) lib/active_support/inflector/methods.rb:267:in `constantize'
actionpack (5.1.4) lib/action_dispatch/http/request.rb:85:in `controller_class_for'
actionpack (5.1.4) lib/action_dispatch/http/request.rb:78:in `controller_class'
actionpack (5.1.4) lib/action_dispatch/routing/route_set.rb:43:in `controller'
actionpack (5.1.4) lib/action_dispatch/routing/route_set.rb:29:in `serve'
actionpack (5.1.4) lib/action_dispatch/journey/router.rb:50:in `block in serve'
actionpack (5.1.4) lib/action_dispatch/journey/router.rb:33:in `each'
actionpack (5.1.4) lib/action_dispatch/journey/router.rb:33:in `serve'
actionpack (5.1.4) lib/action_dispatch/routing/route_set.rb:834:in `call'
rack (2.0.3) lib/rack/etag.rb:25:in `call'
rack (2.0.3) lib/rack/conditional_get.rb:25:in `call'
rack (2.0.3) lib/rack/head.rb:12:in `call'
rack (2.0.3) lib/rack/session/abstract/id.rb:232:in `context'
rack (2.0.3) lib/rack/session/abstract/id.rb:226:in `call'
actionpack (5.1.4) lib/action_dispatch/middleware/cookies.rb:613:in `call'
activerecord (5.1.4) lib/active_record/migration.rb:556:in `call'
actionpack (5.1.4) lib/action_dispatch/middleware/callbacks.rb:26:in `block in call'
activesupport (5.1.4) lib/active_support/callbacks.rb:97:in `run_callbacks'
actionpack (5.1.4) lib/action_dispatch/middleware/callbacks.rb:24:in `call'
actionpack (5.1.4) lib/action_dispatch/middleware/executor.rb:12:in `call'
actionpack (5.1.4) lib/action_dispatch/middleware/debug_exceptions.rb:59:in `call'
web-console (3.5.1) lib/web_console/middleware.rb:135:in `call_app'
web-console (3.5.1) lib/web_console/middleware.rb:28:in `block in call'
web-console (3.5.1) lib/web_console/middleware.rb:18:in `catch'
web-console (3.5.1) lib/web_console/middleware.rb:18:in `call'
actionpack (5.1.4) lib/action_dispatch/middleware/show_exceptions.rb:31:in `call'
railties (5.1.4) lib/rails/rack/logger.rb:36:in `call_app'
railties (5.1.4) lib/rails/rack/logger.rb:24:in `block in call'
activesupport (5.1.4) lib/active_support/tagged_logging.rb:69:in `block in tagged'
activesupport (5.1.4) lib/active_support/tagged_logging.rb:26:in `tagged'
activesupport (5.1.4) lib/active_support/tagged_logging.rb:69:in `tagged'
railties (5.1.4) lib/rails/rack/logger.rb:24:in `call'
sprockets-rails (3.2.1) lib/sprockets/rails/quiet_assets.rb:13:in `call'
actionpack (5.1.4) lib/action_dispatch/middleware/remote_ip.rb:79:in `call'
actionpack (5.1.4) lib/action_dispatch/middleware/request_id.rb:25:in `call'
rack (2.0.3) lib/rack/method_override.rb:22:in `call'
rack (2.0.3) lib/rack/runtime.rb:22:in `call'
activesupport (5.1.4) lib/active_support/cache/strategy/local_cache_middleware.rb:27:in `call'
actionpack (5.1.4) lib/action_dispatch/middleware/executor.rb:12:in `call'
actionpack (5.1.4) lib/action_dispatch/middleware/static.rb:125:in `call'
rack (2.0.3) lib/rack/sendfile.rb:111:in `call'
railties (5.1.4) lib/rails/engine.rb:522:in `call'
puma (3.10.0) lib/puma/configuration.rb:225:in `call'
puma (3.10.0) lib/puma/server.rb:605:in `handle_request'
puma (3.10.0) lib/puma/server.rb:437:in `process_client'
puma (3.10.0) lib/puma/server.rb:301:in `block in run'
puma (3.10.0) lib/puma/thread_pool.rb:120:in `block in spawn_thread'
Started GET "/" for 127.0.0.1 at 2017-10-09 22:44:43 -0500
Processing by KittensController#index as HTML
  Rendering kittens/index.html.erb within layouts/application
  Rendered kittens/index.html.erb within layouts/application (0.8ms)
Completed 200 OK in 397ms (Views: 394.9ms | ActiveRecord: 0.0ms)


Started GET "/" for 127.0.0.1 at 2017-10-09 22:45:26 -0500
Processing by KittensController#index as HTML
  Rendering kittens/index.html.erb within layouts/application
  Rendered kittens/index.html.erb within layouts/application (0.6ms)
Completed 200 OK in 20ms (Views: 18.3ms | ActiveRecord: 0.0ms)


Started GET "/" for 127.0.0.1 at 2017-10-09 22:45:48 -0500
Processing by KittensController#index as HTML
  Rendering kittens/index.html.erb within layouts/application
  Rendered kittens/index.html.erb within layouts/application (0.4ms)
Completed 200 OK in 14ms (Views: 12.8ms | ActiveRecord: 0.0ms)


Started GET "/" for 127.0.0.1 at 2017-10-09 22:49:58 -0500
Processing by KittensController#index as HTML
  Rendering kittens/index.html.erb within layouts/application
  Rendered kittens/index.html.erb within layouts/application (28.5ms)
Completed 500 Internal Server Error in 34ms (ActiveRecord: 0.0ms)


  
ActionView::Template::Error (undefined method `each' for nil:NilClass):
    3: <a href="#" onclick="this.style.backgroundColor='red'">Paint it red</a>
    4: 
    5: <ul>
    6:   <% @kittens.each do |kitten| %>
    7:   <li><%= link_to kitten.name, kitten_path(kitten), remote: true %></li>
    8:   <% end %>
    9: </ul>
  
app/views/kittens/index.html.erb:6:in `_app_views_kittens_index_html_erb__2501490468018332968_70280842477900'
Started GET "/" for 127.0.0.1 at 2017-10-09 22:50:09 -0500
Processing by KittensController#index as HTML
  Rendering kittens/index.html.erb within layouts/application
  [1m[36mKitten Load (0.7ms)[0m  [1m[34mSELECT "kittens".* FROM "kittens"[0m
  Rendered kittens/index.html.erb within layouts/application (6.0ms)
Completed 200 OK in 49ms (Views: 40.6ms | ActiveRecord: 3.5ms)


Started GET "/" for 127.0.0.1 at 2017-10-09 22:52:27 -0500
Processing by KittensController#index as HTML
  Rendering kittens/index.html.erb within layouts/application
  [1m[36mKitten Load (0.4ms)[0m  [1m[34mSELECT "kittens".* FROM "kittens"[0m
  Rendered kittens/index.html.erb within layouts/application (84.4ms)
Completed 200 OK in 103ms (Views: 96.4ms | ActiveRecord: 2.4ms)


Started GET "/" for 127.0.0.1 at 2017-10-09 22:52:57 -0500
Processing by KittensController#index as HTML
  Rendering kittens/index.html.erb within layouts/application
  [1m[36mKitten Load (0.4ms)[0m  [1m[34mSELECT "kittens".* FROM "kittens"[0m
  Rendered kittens/index.html.erb within layouts/application (102.4ms)
Completed 200 OK in 121ms (Views: 119.2ms | ActiveRecord: 0.4ms)


Started GET "/" for 127.0.0.1 at 2017-10-09 22:53:10 -0500
Processing by KittensController#index as HTML
  Rendering kittens/index.html.erb within layouts/application
  [1m[36mKitten Load (0.4ms)[0m  [1m[34mSELECT  "kittens".* FROM "kittens" LIMIT $1[0m  [["LIMIT", 11]]
  [1m[36mCACHE Kitten Load (0.0ms)[0m  [1m[34mSELECT  "kittens".* FROM "kittens" LIMIT $1[0m  [["LIMIT", 11]]
  [1m[36mCACHE Kitten Load (0.0ms)[0m  [1m[34mSELECT  "kittens".* FROM "kittens" LIMIT $1[0m  [["LIMIT", 11]]
  [1m[36mCACHE Kitten Load (0.0ms)[0m  [1m[34mSELECT  "kittens".* FROM "kittens" LIMIT $1[0m  [["LIMIT", 11]]
  Rendered kittens/index.html.erb within layouts/application (126.2ms)
Completed 500 Internal Server Error in 133ms (ActiveRecord: 0.4ms)


  
ActionView::Template::Error (undefined method `text' for #<ActionView::Helpers::FormBuilder:0x007fd711b33838>
Did you mean?  text_area
               text_field
               test):
    4: 
    5: 
    6: <%= form_with(model: @kitten) do |f| %>
    7:   <p>Name: <%= f.text :name %></p>
    8:   <p>Color: <%= f.text :color %></p>
    9:   <p>Quirk: <%= f.text :quirk %></p>
   10:   <p><%= f.submit %></p>
  
app/views/kittens/index.html.erb:7:in `block in _app_views_kittens_index_html_erb__2501490468018332968_70280845888760'
app/views/kittens/index.html.erb:6:in `_app_views_kittens_index_html_erb__2501490468018332968_70280845888760'
Started GET "/" for 127.0.0.1 at 2017-10-09 22:53:19 -0500
Processing by KittensController#index as HTML
  Rendering kittens/index.html.erb within layouts/application
  [1m[36mKitten Load (0.4ms)[0m  [1m[34mSELECT "kittens".* FROM "kittens"[0m
  Rendered kittens/index.html.erb within layouts/application (3.5ms)
Completed 200 OK in 19ms (Views: 16.8ms | ActiveRecord: 0.4ms)


Started POST "/kittens" for 127.0.0.1 at 2017-10-09 22:53:34 -0500
Processing by KittensController#create as JS
  Parameters: {"utf8"=>"✓", "authenticity_token"=>"rlPeMqbJPSjoQliyErJEotyI2LL1VjP/W1tDlcRct4kZXyowH7pTYGtCcpykzArfpIGsYileMohxyKDR+3gEAw==", "name"=>"Rutabaga", "color"=>"black", "quirk"=>"climbing on shoulders", "commit"=>"Save "}
No template found for KittensController#create, rendering head :no_content
Completed 204 No Content in 93ms (ActiveRecord: 0.0ms)


Started POST "/kittens" for 127.0.0.1 at 2017-10-09 22:53:38 -0500
Processing by KittensController#create as JS
  Parameters: {"utf8"=>"✓", "authenticity_token"=>"rlPeMqbJPSjoQliyErJEotyI2LL1VjP/W1tDlcRct4kZXyowH7pTYGtCcpykzArfpIGsYileMohxyKDR+3gEAw==", "name"=>"Rutabaga", "color"=>"black", "quirk"=>"climbing on shoulders", "commit"=>"Save "}
No template found for KittensController#create, rendering head :no_content
Completed 204 No Content in 86ms (ActiveRecord: 0.0ms)


Started POST "/kittens" for 127.0.0.1 at 2017-10-09 22:56:08 -0500
Processing by KittensController#create as JS
  Parameters: {"utf8"=>"✓", "authenticity_token"=>"rlPeMqbJPSjoQliyErJEotyI2LL1VjP/W1tDlcRct4kZXyowH7pTYGtCcpykzArfpIGsYileMohxyKDR+3gEAw==", "name"=>"Rutabaga", "color"=>"black", "quirk"=>"climbing on shoulders", "commit"=>"Save "}
  [1m[35m (0.2ms)[0m  [1m[35mBEGIN[0m
  [1m[35mSQL (0.6ms)[0m  [1m[32mINSERT INTO "kittens" DEFAULT VALUES RETURNING "id"[0m
  [1m[35m (2.5ms)[0m  [1m[35mCOMMIT[0m
No template found for KittensController#create, rendering head :no_content
Completed 204 No Content in 100ms (ActiveRecord: 6.9ms)


Started POST "/kittens" for 127.0.0.1 at 2017-10-09 22:56:11 -0500
Processing by KittensController#create as JS
  Parameters: {"utf8"=>"✓", "authenticity_token"=>"rlPeMqbJPSjoQliyErJEotyI2LL1VjP/W1tDlcRct4kZXyowH7pTYGtCcpykzArfpIGsYileMohxyKDR+3gEAw==", "name"=>"Rutabaga", "color"=>"black", "quirk"=>"climbing on shoulders", "commit"=>"Save "}
  [1m[35m (0.2ms)[0m  [1m[35mBEGIN[0m
  [1m[35mSQL (0.4ms)[0m  [1m[32mINSERT INTO "kittens" DEFAULT VALUES RETURNING "id"[0m
  [1m[35m (2.4ms)[0m  [1m[35mCOMMIT[0m
No template found for KittensController#create, rendering head :no_content
Completed 204 No Content in 70ms (ActiveRecord: 3.0ms)


Started POST "/kittens" for 127.0.0.1 at 2017-10-09 22:56:14 -0500
Processing by KittensController#create as JS
  Parameters: {"utf8"=>"✓", "authenticity_token"=>"rlPeMqbJPSjoQliyErJEotyI2LL1VjP/W1tDlcRct4kZXyowH7pTYGtCcpykzArfpIGsYileMohxyKDR+3gEAw==", "name"=>"Rutabaga", "color"=>"black", "quirk"=>"climbing on shoulders", "commit"=>"Save "}
  [1m[35m (0.2ms)[0m  [1m[35mBEGIN[0m
  [1m[35mSQL (0.3ms)[0m  [1m[32mINSERT INTO "kittens" DEFAULT VALUES RETURNING "id"[0m
  [1m[35m (2.4ms)[0m  [1m[35mCOMMIT[0m
No template found for KittensController#create, rendering head :no_content
Completed 204 No Content in 70ms (ActiveRecord: 2.9ms)


Started GET "/" for 127.0.0.1 at 2017-10-09 22:56:17 -0500
Processing by KittensController#index as HTML
  Rendering kittens/index.html.erb within layouts/application
  [1m[36mKitten Load (0.3ms)[0m  [1m[34mSELECT "kittens".* FROM "kittens"[0m
  Rendered kittens/index.html.erb within layouts/application (83.8ms)
Completed 200 OK in 104ms (Views: 101.9ms | ActiveRecord: 0.3ms)


Started GET "/kittens/1" for 127.0.0.1 at 2017-10-09 22:56:19 -0500
Processing by KittensController#show as JS
  Parameters: {"id"=>"1"}
Completed 200 OK in 0ms (Views: 0.2ms | ActiveRecord: 0.0ms)


Started GET "/kittens/2" for 127.0.0.1 at 2017-10-09 22:56:22 -0500
Processing by KittensController#show as JS
  Parameters: {"id"=>"2"}
Completed 200 OK in 0ms (Views: 0.1ms | ActiveRecord: 0.0ms)


Started GET "/kittens/3" for 127.0.0.1 at 2017-10-09 22:56:24 -0500
Processing by KittensController#show as JS
  Parameters: {"id"=>"3"}
Completed 200 OK in 0ms (Views: 0.1ms | ActiveRecord: 0.0ms)


Started POST "/kittens" for 127.0.0.1 at 2017-10-09 22:56:35 -0500
Processing by KittensController#create as JS
  Parameters: {"utf8"=>"✓", "authenticity_token"=>"NrG2jsnsWAnObmQDBZGMwVn4Eo0zaAbalg/hfTYM/XOBvUKMcJ82QU1uTi2z78K8IfFmXe9gB628nAI5CShO+Q==", "name"=>"", "color"=>"", "quirk"=>"", "commit"=>"Save "}
  [1m[35m (0.6ms)[0m  [1m[35mBEGIN[0m
  [1m[35mSQL (0.4ms)[0m  [1m[32mINSERT INTO "kittens" DEFAULT VALUES RETURNING "id"[0m
  [1m[35m (2.3ms)[0m  [1m[35mCOMMIT[0m
No template found for KittensController#create, rendering head :no_content
Completed 204 No Content in 66ms (ActiveRecord: 3.4ms)


Started GET "/" for 127.0.0.1 at 2017-10-09 22:56:36 -0500
Processing by KittensController#index as HTML
  Rendering kittens/index.html.erb within layouts/application
  [1m[36mKitten Load (0.3ms)[0m  [1m[34mSELECT "kittens".* FROM "kittens"[0m
  Rendered kittens/index.html.erb within layouts/application (5.6ms)
Completed 200 OK in 23ms (Views: 20.3ms | ActiveRecord: 0.3ms)


Started GET "/kittens/3" for 127.0.0.1 at 2017-10-09 22:56:57 -0500
Processing by KittensController#show as JS
  Parameters: {"id"=>"3"}
Completed 200 OK in 1ms (Views: 0.2ms | ActiveRecord: 0.0ms)


Started GET "/" for 127.0.0.1 at 2017-10-09 23:01:40 -0500
Processing by KittensController#index as HTML
  Rendering kittens/index.html.erb within layouts/application
  [1m[36mKitten Load (0.3ms)[0m  [1m[34mSELECT "kittens".* FROM "kittens"[0m
  Rendered kittens/index.html.erb within layouts/application (12.8ms)
Completed 200 OK in 49ms (Views: 40.8ms | ActiveRecord: 3.9ms)


Started POST "/kittens" for 127.0.0.1 at 2017-10-09 23:01:42 -0500
Processing by KittensController#create as JS
  Parameters: {"utf8"=>"✓", "authenticity_token"=>"gB+TD+JMrQMlHVsIbkuiVWdme3dUQfaaG1I5yJGHNhI3E2cNWz/DS6YdcSbYNewoH28Pp4hJ9+0xwdqMrqOFmA==", "name"=>"", "color"=>"", "quirk"=>"", "commit"=>"Save "}
  [1m[35m (0.2ms)[0m  [1m[35mBEGIN[0m
  [1m[35mSQL (0.3ms)[0m  [1m[32mINSERT INTO "kittens" DEFAULT VALUES RETURNING "id"[0m
  [1m[35m (2.2ms)[0m  [1m[35mCOMMIT[0m
  Rendering kittens/create.js.erb
  Rendered kittens/create.js.erb (6.3ms)
Completed 500 Internal Server Error in 21ms (ActiveRecord: 2.7ms)


  
ActionView::Template::Error (Missing partial kittens/_kitten with {:locale=>[:en], :formats=>[:js, :html], :variants=>[], :handlers=>[:raw, :erb, :html, :builder, :ruby, :coffee, :jbuilder]}. Searched in:
  * "/Users/Gilad/Desktop/Git/ujs-demo/app/views"
):
    1: $("<%= escape_javascript(render @kitten) %>").appendTo("#kittens");
  
app/views/kittens/create.js.erb:1:in `_app_views_kittens_create_js_erb___3403138071831747571_70280897514720'
Started GET "/" for 127.0.0.1 at 2017-10-09 23:03:06 -0500
Processing by KittensController#index as HTML
  Rendering kittens/index.html.erb within layouts/application
  [1m[36mKitten Load (0.4ms)[0m  [1m[34mSELECT "kittens".* FROM "kittens"[0m
  Rendered kittens/index.html.erb within layouts/application (6.1ms)
Completed 200 OK in 24ms (Views: 21.7ms | ActiveRecord: 0.4ms)


Started POST "/kittens" for 127.0.0.1 at 2017-10-09 23:03:08 -0500
Processing by KittensController#create as JS
  Parameters: {"utf8"=>"✓", "authenticity_token"=>"tTKrrzEhneFBEV/mi8b/7+38ptdfqgzEZt5UOGfqoRUCPl+tiFLzqcIRdcg9uLGSlfXSB4OiDbNMTbd8WM4Snw==", "name"=>"", "color"=>"", "quirk"=>"", "commit"=>"Save "}
  [1m[35m (0.2ms)[0m  [1m[35mBEGIN[0m
  [1m[35mSQL (0.4ms)[0m  [1m[32mINSERT INTO "kittens" DEFAULT VALUES RETURNING "id"[0m
  [1m[35m (2.4ms)[0m  [1m[35mCOMMIT[0m
  Rendering kittens/create.js.erb
  Rendered kittens/create.js.erb (4.8ms)
Completed 500 Internal Server Error in 20ms (ActiveRecord: 3.0ms)


  
ActionView::Template::Error (Missing partial kittens/_kitten with {:locale=>[:en], :formats=>[:js, :html], :variants=>[], :handlers=>[:raw, :erb, :html, :builder, :ruby, :coffee, :jbuilder]}. Searched in:
  * "/Users/Gilad/Desktop/Git/ujs-demo/app/views"
):
    1: $("<%= escape_javascript(render @kitten) %>").appendTo("#kittens");
    2: 
    3: $(document).ready ->
    4:   $("#kitten").on("ajax:success", (e, data, status, xhr) ->
  
app/views/kittens/create.js.erb:1:in `_app_views_kittens_create_js_erb___3403138071831747571_70280844319540'
Started GET "/kittens/2" for 127.0.0.1 at 2017-10-09 23:03:11 -0500
Processing by KittensController#show as JS
  Parameters: {"id"=>"2"}
Completed 200 OK in 0ms (Views: 0.1ms | ActiveRecord: 0.0ms)


Started GET "/kittens/5" for 127.0.0.1 at 2017-10-09 23:03:14 -0500
Processing by KittensController#show as JS
  Parameters: {"id"=>"5"}
Completed 200 OK in 0ms (Views: 0.2ms | ActiveRecord: 0.0ms)


Started GET "/" for 127.0.0.1 at 2017-10-09 23:03:24 -0500
Processing by KittensController#index as HTML
  Rendering kittens/index.html.erb within layouts/application
  [1m[36mKitten Load (0.3ms)[0m  [1m[34mSELECT "kittens".* FROM "kittens"[0m
  Rendered kittens/index.html.erb within layouts/application (5.6ms)
Completed 200 OK in 25ms (Views: 23.1ms | ActiveRecord: 0.3ms)


Started POST "/kittens" for 127.0.0.1 at 2017-10-09 23:03:25 -0500
Processing by KittensController#create as JS
  Parameters: {"utf8"=>"✓", "authenticity_token"=>"QJoLoOnh+ieSnP3odLDgTpc5vMupeutOp3d8zlEUAPT3lv+iUJKUbxGc18bCzq4z7zDIG3Vy6jmN5J+KbjCzfg==", "name"=>"", "color"=>"", "quirk"=>"", "commit"=>"Save "}
  [1m[35m (0.1ms)[0m  [1m[35mBEGIN[0m
  [1m[35mSQL (0.3ms)[0m  [1m[32mINSERT INTO "kittens" DEFAULT VALUES RETURNING "id"[0m
  [1m[35m (2.5ms)[0m  [1m[35mCOMMIT[0m
  Rendering kittens/create.js.erb
  Rendered kittens/create.js.erb (4.8ms)
Completed 500 Internal Server Error in 19ms (ActiveRecord: 2.9ms)


  
ActionView::Template::Error (Missing partial kittens/_kitten with {:locale=>[:en], :formats=>[:js, :html], :variants=>[], :handlers=>[:raw, :erb, :html, :builder, :ruby, :coffee, :jbuilder]}. Searched in:
  * "/Users/Gilad/Desktop/Git/ujs-demo/app/views"
):
    1: // $("<%= escape_javascript(render @kitten) %>").appendTo("#kittens");
    2: 
    3: $(document).ready ->
    4:   $("#kitten").on("ajax:success", (e, data, status, xhr) ->
  
app/views/kittens/create.js.erb:1:in `_app_views_kittens_create_js_erb___3403138071831747571_70280844397740'
Started GET "/kittens" for 127.0.0.1 at 2017-10-09 23:03:44 -0500
Processing by KittensController#index as HTML
  Rendering kittens/index.html.erb within layouts/application
  [1m[36mKitten Load (0.3ms)[0m  [1m[34mSELECT "kittens".* FROM "kittens"[0m
  Rendered kittens/index.html.erb within layouts/application (6.2ms)
Completed 200 OK in 34ms (Views: 31.4ms | ActiveRecord: 0.3ms)


Started POST "/kittens" for 127.0.0.1 at 2017-10-09 23:04:12 -0500
Processing by KittensController#create as JS
  Parameters: {"utf8"=>"✓", "authenticity_token"=>"QJoLoOnh+ieSnP3odLDgTpc5vMupeutOp3d8zlEUAPT3lv+iUJKUbxGc18bCzq4z7zDIG3Vy6jmN5J+KbjCzfg==", "name"=>"", "color"=>"", "quirk"=>"", "commit"=>"Save "}
  [1m[35m (0.3ms)[0m  [1m[35mBEGIN[0m
  [1m[35mSQL (0.5ms)[0m  [1m[32mINSERT INTO "kittens" DEFAULT VALUES RETURNING "id"[0m
  [1m[35m (2.3ms)[0m  [1m[35mCOMMIT[0m
  Rendering kittens/create.js.erb
  Rendered kittens/create.js.erb (6.6ms)
Completed 500 Internal Server Error in 21ms (ActiveRecord: 3.1ms)


  
ActionView::Template::Error (Missing partial kittens/_kitten with {:locale=>[:en], :formats=>[:js, :html], :variants=>[], :handlers=>[:raw, :erb, :html, :builder, :ruby, :coffee, :jbuilder]}. Searched in:
  * "/Users/Gilad/Desktop/Git/ujs-demo/app/views"
):
    1: // $("<%= escape_javascript(render @kitten) %>").appendTo("#kittens");
    2: 
    3: $(document).ready ->
    4:   $("#kitten").on("ajax:success", (e, data, status, xhr) ->
  
app/views/kittens/create.js.erb:1:in `_app_views_kittens_create_js_erb___3403138071831747571_70280845745740'
Started GET "/" for 127.0.0.1 at 2017-10-09 23:04:58 -0500
Processing by KittensController#index as HTML
  Rendering kittens/index.html.erb within layouts/application
  [1m[36mKitten Load (6.4ms)[0m  [1m[34mSELECT "kittens".* FROM "kittens"[0m
  Rendered kittens/index.html.erb within layouts/application (13.6ms)
Completed 200 OK in 39ms (Views: 30.1ms | ActiveRecord: 6.4ms)


Started POST "/kittens" for 127.0.0.1 at 2017-10-09 23:05:00 -0500
Processing by KittensController#create as JS
  Parameters: {"utf8"=>"✓", "authenticity_token"=>"TgDxyQBB5A8ggkq5MEYKSTyoqyT1sFabUgh1h0W/Tx/5DAXLuTKKR6OCYJeGOEQ0RKHf9Cm4V+x4m5bDepv8lQ==", "name"=>"", "color"=>"", "quirk"=>"", "commit"=>"Save "}
  [1m[35m (0.1ms)[0m  [1m[35mBEGIN[0m
  [1m[35mSQL (0.5ms)[0m  [1m[32mINSERT INTO "kittens" DEFAULT VALUES RETURNING "id"[0m
  [1m[35m (1.9ms)[0m  [1m[35mCOMMIT[0m
  Rendering kittens/create.js.erb
  Rendered kittens/create.js.erb (6.7ms)
Completed 500 Internal Server Error in 23ms (ActiveRecord: 2.5ms)


  
ActionView::Template::Error (Missing partial kittens/_kitten with {:locale=>[:en], :formats=>[:js, :html], :variants=>[], :handlers=>[:raw, :erb, :html, :builder, :ruby, :coffee, :jbuilder]}. Searched in:
  * "/Users/Gilad/Desktop/Git/ujs-demo/app/views"
):
    1: // $("<%= escape_javascript(render @kitten) %>").appendTo("#kittens");
    2: 
    3: // $(document).ready ->
    4: //   $("#kitten").on("ajax:success", (e, data, status, xhr) ->
  
app/views/kittens/create.js.erb:1:in `_app_views_kittens_create_js_erb___3403138071831747571_70280845077280'
Started GET "/" for 127.0.0.1 at 2017-10-09 23:05:27 -0500
Processing by KittensController#index as HTML
  Rendering kittens/index.html.erb within layouts/application
  [1m[36mKitten Load (0.3ms)[0m  [1m[34mSELECT "kittens".* FROM "kittens"[0m
  Rendered kittens/index.html.erb within layouts/application (6.1ms)
Completed 200 OK in 34ms (Views: 31.0ms | ActiveRecord: 0.3ms)


Started POST "/kittens" for 127.0.0.1 at 2017-10-09 23:05:28 -0500
Processing by KittensController#create as JS
  Parameters: {"utf8"=>"✓", "authenticity_token"=>"Xtq1FxjArzVY1NhdipMq6jPoWRnvqLUQfSueYWMQetDp1kEVobPBfdvU8nM87WSXS+EtyTOgtGdXuH0lXDTJWg==", "name"=>"", "color"=>"", "quirk"=>"", "commit"=>"Save "}
  [1m[35m (0.2ms)[0m  [1m[35mBEGIN[0m
  [1m[35mSQL (0.4ms)[0m  [1m[32mINSERT INTO "kittens" DEFAULT VALUES RETURNING "id"[0m
  [1m[35m (2.4ms)[0m  [1m[35mCOMMIT[0m
  Rendering kittens/create.js.erb
  Rendered kittens/create.js.erb (6.2ms)
Completed 500 Internal Server Error in 23ms (ActiveRecord: 2.9ms)


  
ActionView::Template::Error (Missing partial kittens/_kitten with {:locale=>[:en], :formats=>[:js, :html], :variants=>[], :handlers=>[:raw, :erb, :html, :builder, :ruby, :coffee, :jbuilder]}. Searched in:
  * "/Users/Gilad/Desktop/Git/ujs-demo/app/views"
):
    1: $("<%= escape_javascript(render @kitten) %>").appendTo("#kittens");
    2: 
    3: // $(document).ready ->
    4: //   $("#kitten").on("ajax:success", (e, data, status, xhr) ->
  
app/views/kittens/create.js.erb:1:in `_app_views_kittens_create_js_erb___3403138071831747571_70280879302460'
Started GET "/" for 127.0.0.1 at 2017-10-09 23:07:45 -0500
Processing by KittensController#index as HTML
  Rendering kittens/index.html.erb within layouts/application
  [1m[36mKitten Load (0.5ms)[0m  [1m[34mSELECT "kittens".* FROM "kittens"[0m
  Rendered kittens/index.html.erb within layouts/application (6.4ms)
Completed 200 OK in 27ms (Views: 23.6ms | ActiveRecord: 0.5ms)


Started POST "/kittens" for 127.0.0.1 at 2017-10-09 23:07:47 -0500
Processing by KittensController#create as JS
  Parameters: {"utf8"=>"✓", "authenticity_token"=>"z09lnMrCCzjg0O8FlaP8+t8ItNR1fWzPmCNLulKmBaV4Q5Gec7FlcGPQxSsj3bKHpwHABKl1bbiysKj+bYK2Lw==", "name"=>"", "color"=>"", "quirk"=>"", "commit"=>"Save "}
  [1m[35m (0.6ms)[0m  [1m[35mBEGIN[0m
  [1m[35mSQL (0.5ms)[0m  [1m[32mINSERT INTO "kittens" DEFAULT VALUES RETURNING "id"[0m
  [1m[35m (73.8ms)[0m  [1m[35mCOMMIT[0m
  Rendering kittens/create.js.erb
  Rendered kittens/_kitten.html.erb (0.5ms)
  Rendered kittens/create.js.erb (3.1ms)
Completed 200 OK in 93ms (Views: 10.6ms | ActiveRecord: 74.8ms)


Started POST "/kittens" for 127.0.0.1 at 2017-10-09 23:07:50 -0500
Processing by KittensController#create as JS
  Parameters: {"utf8"=>"✓", "authenticity_token"=>"z09lnMrCCzjg0O8FlaP8+t8ItNR1fWzPmCNLulKmBaV4Q5Gec7FlcGPQxSsj3bKHpwHABKl1bbiysKj+bYK2Lw==", "name"=>"", "color"=>"", "quirk"=>"", "commit"=>"Save "}
  [1m[35m (0.2ms)[0m  [1m[35mBEGIN[0m
  [1m[35mSQL (0.4ms)[0m  [1m[32mINSERT INTO "kittens" DEFAULT VALUES RETURNING "id"[0m
  [1m[35m (1.0ms)[0m  [1m[35mCOMMIT[0m
  Rendering kittens/create.js.erb
  Rendered kittens/_kitten.html.erb (0.9ms)
  Rendered kittens/create.js.erb (4.2ms)
Completed 200 OK in 19ms (Views: 11.9ms | ActiveRecord: 1.6ms)


Started POST "/kittens" for 127.0.0.1 at 2017-10-09 23:07:53 -0500
Processing by KittensController#create as JS
  Parameters: {"utf8"=>"✓", "authenticity_token"=>"z09lnMrCCzjg0O8FlaP8+t8ItNR1fWzPmCNLulKmBaV4Q5Gec7FlcGPQxSsj3bKHpwHABKl1bbiysKj+bYK2Lw==", "name"=>"", "color"=>"", "quirk"=>"", "commit"=>"Save "}
  [1m[35m (0.2ms)[0m  [1m[35mBEGIN[0m
  [1m[35mSQL (0.5ms)[0m  [1m[32mINSERT INTO "kittens" DEFAULT VALUES RETURNING "id"[0m
  [1m[35m (2.3ms)[0m  [1m[35mCOMMIT[0m
  Rendering kittens/create.js.erb
  Rendered kittens/_kitten.html.erb (0.7ms)
  Rendered kittens/create.js.erb (3.8ms)
Completed 200 OK in 20ms (Views: 11.8ms | ActiveRecord: 3.0ms)


Started GET "/kittens/10" for 127.0.0.1 at 2017-10-09 23:07:55 -0500
Processing by KittensController#show as JS
  Parameters: {"id"=>"10"}
Completed 200 OK in 0ms (Views: 0.2ms | ActiveRecord: 0.0ms)


Started GET "/" for 127.0.0.1 at 2017-10-09 23:07:57 -0500
Processing by KittensController#index as HTML
  Rendering kittens/index.html.erb within layouts/application
  [1m[36mKitten Load (0.3ms)[0m  [1m[34mSELECT "kittens".* FROM "kittens"[0m
  Rendered kittens/index.html.erb within layouts/application (4.9ms)
Completed 200 OK in 24ms (Views: 20.8ms | ActiveRecord: 0.3ms)


Started POST "/kittens" for 127.0.0.1 at 2017-10-09 23:08:01 -0500
Processing by KittensController#create as JS
  Parameters: {"utf8"=>"✓", "authenticity_token"=>"a8h+TxHU0RXy569v+GwJ+BuwiNUwfOMpoJGjFAqLraTcxIpNqKe/XXHnhUFOEkeFY7n8Bex04l6KAkBQNa8eLg==", "name"=>"", "color"=>"", "quirk"=>"", "commit"=>"Save "}
  [1m[35m (0.2ms)[0m  [1m[35mBEGIN[0m
  [1m[35mSQL (0.7ms)[0m  [1m[32mINSERT INTO "kittens" DEFAULT VALUES RETURNING "id"[0m
  [1m[35m (27.3ms)[0m  [1m[35mCOMMIT[0m
  Rendering kittens/create.js.erb
  Rendered kittens/_kitten.html.erb (0.7ms)
  Rendered kittens/create.js.erb (4.2ms)
Completed 200 OK in 45ms (Views: 11.1ms | ActiveRecord: 28.2ms)


Started GET "/" for 127.0.0.1 at 2017-10-09 23:08:29 -0500
Processing by KittensController#index as HTML
  Rendering kittens/index.html.erb within layouts/application
  [1m[36mKitten Load (0.3ms)[0m  [1m[34mSELECT "kittens".* FROM "kittens"[0m
  Rendered kittens/index.html.erb within layouts/application (7.8ms)
Completed 200 OK in 32ms (Views: 28.5ms | ActiveRecord: 0.3ms)


Started POST "/kittens" for 127.0.0.1 at 2017-10-09 23:08:30 -0500
Processing by KittensController#create as JS
  Parameters: {"utf8"=>"✓", "authenticity_token"=>"qsCBjq5vDfKT3Gwffiv6JcINBHCGisGKSYS/Rn3b4IEdzHWMFxxjuhDcRjHIVbRYugRwoFqCwP1jF1wCQv9TCw==", "name"=>"", "color"=>"", "quirk"=>"", "commit"=>"Save "}
  [1m[35m (0.2ms)[0m  [1m[35mBEGIN[0m
  [1m[35mSQL (0.3ms)[0m  [1m[32mINSERT INTO "kittens" DEFAULT VALUES RETURNING "id"[0m
  [1m[35m (2.2ms)[0m  [1m[35mCOMMIT[0m
  Rendering kittens/create.js.erb
  Rendered kittens/_kitten.html.erb (1.0ms)
  Rendered kittens/create.js.erb (4.9ms)
Completed 200 OK in 21ms (Views: 12.6ms | ActiveRecord: 2.7ms)


Started GET "/" for 127.0.0.1 at 2017-10-09 23:10:09 -0500
Processing by KittensController#index as HTML
  Rendering kittens/index.html.erb within layouts/application
  [1m[36mKitten Load (0.3ms)[0m  [1m[34mSELECT "kittens".* FROM "kittens"[0m
  Rendered kittens/index.html.erb within layouts/application (5.4ms)
Completed 200 OK in 31ms (Views: 28.1ms | ActiveRecord: 0.3ms)


Started POST "/kittens" for 127.0.0.1 at 2017-10-09 23:10:22 -0500
Processing by KittensController#create as JS
  Parameters: {"utf8"=>"✓", "authenticity_token"=>"1NONvQ7z5LguuE6/LJTdYXnm0X15MA95H/BF/fG3bxBj33m/t4CK8K24ZJGa6pMcAe+lraU4Dg41Y6a5zpPcmg==", "name"=>"", "color"=>"", "quirk"=>"", "commit"=>"Save "}
  [1m[35m (0.2ms)[0m  [1m[35mBEGIN[0m
  [1m[35mSQL (0.5ms)[0m  [1m[32mINSERT INTO "kittens" DEFAULT VALUES RETURNING "id"[0m
  [1m[35m (15.5ms)[0m  [1m[35mCOMMIT[0m
  Rendering kittens/create.js.erb
  Rendered kittens/_kitten.html.erb (0.5ms)
  Rendered kittens/_kitten.html.erb (0.1ms)
  Rendered kittens/create.js.erb (5.0ms)
Completed 200 OK in 34ms (Views: 11.5ms | ActiveRecord: 16.3ms)


Started GET "/" for 127.0.0.1 at 2017-10-09 23:12:47 -0500
Processing by KittensController#index as HTML
  Rendering kittens/index.html.erb within layouts/application
  [1m[36mKitten Load (0.8ms)[0m  [1m[34mSELECT "kittens".* FROM "kittens"[0m
  Rendered kittens/index.html.erb within layouts/application (7.1ms)
Completed 200 OK in 33ms (Views: 29.3ms | ActiveRecord: 0.8ms)


Started POST "/kittens" for 127.0.0.1 at 2017-10-09 23:12:50 -0500
Processing by KittensController#create as JS
  Parameters: {"utf8"=>"✓", "authenticity_token"=>"6NbZErUbr+cFZ1jTky8Unsi8674yfT7yqFqnKjCwVepf2i0QDGjBr4Zncv0lUVrjsLWfbu51P4WCyURuD5TmYA==", "name"=>"", "color"=>"", "quirk"=>"", "commit"=>"Save "}
  [1m[35m (0.2ms)[0m  [1m[35mBEGIN[0m
  [1m[35mSQL (0.5ms)[0m  [1m[32mINSERT INTO "kittens" DEFAULT VALUES RETURNING "id"[0m
  [1m[35m (2.4ms)[0m  [1m[35mCOMMIT[0m
  Rendering kittens/create.js.erb
  Rendered kittens/_kitten.html.erb (1.1ms)
  Rendered kittens/_kitten.html.erb (0.2ms)
  Rendered kittens/create.js.erb (8.5ms)
Completed 200 OK in 27ms (Views: 17.6ms | ActiveRecord: 3.0ms)


Started GET "/" for 127.0.0.1 at 2017-10-09 23:13:29 -0500
Processing by KittensController#index as HTML
  Rendering kittens/index.html.erb within layouts/application
  [1m[36mKitten Load (0.3ms)[0m  [1m[34mSELECT "kittens".* FROM "kittens"[0m
  Rendered kittens/index.html.erb within layouts/application (5.3ms)
Completed 200 OK in 21ms (Views: 18.7ms | ActiveRecord: 0.3ms)


Started POST "/kittens" for 127.0.0.1 at 2017-10-09 23:13:33 -0500
Processing by KittensController#create as JS
  Parameters: {"utf8"=>"✓", "authenticity_token"=>"ZF+OJmwoWNKQy7k+5henqgPG/riAQW5wIbtZvXZbgsrTU3ok1Vs2mhPLkxBQaenXe8+KaFxJbwcLKLr5SX8xQA==", "name"=>"", "color"=>"", "quirk"=>"", "commit"=>"Save "}
  [1m[35m (0.1ms)[0m  [1m[35mBEGIN[0m
  [1m[35mSQL (0.4ms)[0m  [1m[32mINSERT INTO "kittens" DEFAULT VALUES RETURNING "id"[0m
  [1m[35m (3.0ms)[0m  [1m[35mCOMMIT[0m
  Rendering kittens/create.js.erb
  Rendered kittens/_kitten.html.erb (1.0ms)
  Rendered kittens/_kitten.html.erb (0.3ms)
  Rendered kittens/create.js.erb (8.8ms)
Completed 200 OK in 27ms (Views: 17.8ms | ActiveRecord: 3.6ms)


Started GET "/" for 127.0.0.1 at 2017-10-09 23:14:29 -0500
Processing by KittensController#index as HTML
  Rendering kittens/index.html.erb within layouts/application
  [1m[36mKitten Load (0.3ms)[0m  [1m[34mSELECT "kittens".* FROM "kittens"[0m
  Rendered kittens/index.html.erb within layouts/application (6.8ms)
Completed 200 OK in 33ms (Views: 29.8ms | ActiveRecord: 0.3ms)


Started POST "/kittens" for 127.0.0.1 at 2017-10-09 23:14:31 -0500
Processing by KittensController#create as JS
  Parameters: {"utf8"=>"✓", "authenticity_token"=>"u2w6lSAdt058zRhVw8uDHiuF5Q+sX3MZwX4106g9DJgMYM6XmW7ZBv/NMnt1tc1jU4yR33BXcm7r7daXlxm/Eg==", "name"=>"", "color"=>"", "quirk"=>"", "commit"=>"Save "}
  [1m[35m (0.2ms)[0m  [1m[35mBEGIN[0m
  [1m[35mSQL (0.3ms)[0m  [1m[32mINSERT INTO "kittens" DEFAULT VALUES RETURNING "id"[0m
  [1m[35m (2.3ms)[0m  [1m[35mCOMMIT[0m
  Rendering kittens/create.js.erb
  Rendered kittens/_kitten.html.erb (1.0ms)
  Rendered kittens/_kitten.html.erb (0.2ms)
  Rendered kittens/create.js.erb (8.5ms)
Completed 200 OK in 27ms (Views: 17.1ms | ActiveRecord: 2.8ms)


Started GET "/" for 127.0.0.1 at 2017-10-09 23:14:53 -0500
Processing by KittensController#index as HTML
  Rendering kittens/index.html.erb within layouts/application
  [1m[36mKitten Load (0.3ms)[0m  [1m[34mSELECT "kittens".* FROM "kittens"[0m
  Rendered kittens/index.html.erb within layouts/application (6.6ms)
Completed 200 OK in 31ms (Views: 27.9ms | ActiveRecord: 0.3ms)


Started POST "/kittens" for 127.0.0.1 at 2017-10-09 23:14:55 -0500
Processing by KittensController#create as JS
  Parameters: {"utf8"=>"✓", "authenticity_token"=>"kdyXJwTaiFkQ6kLQFL3QsrjkeaJb1sOydDqqIHrTqbEm0GMlvanmEZPqaP6iw57PwO0NcofewsVeqUlkRfcaOw==", "name"=>"", "color"=>"", "quirk"=>"", "commit"=>"Save "}
  [1m[35m (0.1ms)[0m  [1m[35mBEGIN[0m
  [1m[35mSQL (0.3ms)[0m  [1m[32mINSERT INTO "kittens" DEFAULT VALUES RETURNING "id"[0m
  [1m[35m (23.7ms)[0m  [1m[35mCOMMIT[0m
  Rendering kittens/create.js.erb
  Rendered kittens/_kitten.html.erb (0.7ms)
  Rendered kittens/_kitten.html.erb (0.1ms)
  Rendered kittens/create.js.erb (5.4ms)
Completed 200 OK in 40ms (Views: 11.3ms | ActiveRecord: 24.1ms)


Started GET "/" for 127.0.0.1 at 2017-10-09 23:19:15 -0500
Processing by KittensController#index as HTML
  Rendering kittens/index.html.erb within layouts/application
  [1m[36mKitten Load (0.3ms)[0m  [1m[34mSELECT "kittens".* FROM "kittens"[0m
  Rendered kittens/index.html.erb within layouts/application (7.4ms)
Completed 500 Internal Server Error in 26ms (ActiveRecord: 0.3ms)


  
ActionView::Template::Error (couldn't find file 'jquery' with type 'application/javascript'
Checked in these paths: 
  /Users/Gilad/Desktop/Git/ujs-demo/app/assets/config
  /Users/Gilad/Desktop/Git/ujs-demo/app/assets/images
  /Users/Gilad/Desktop/Git/ujs-demo/app/assets/javascripts
  /Users/Gilad/Desktop/Git/ujs-demo/app/assets/stylesheets
  /Users/Gilad/.rbenv/versions/2.3.3/lib/ruby/gems/2.3.0/gems/coffee-rails-4.2.2/lib/assets/javascripts
  /Users/Gilad/.rbenv/versions/2.3.3/lib/ruby/gems/2.3.0/gems/actioncable-5.1.4/lib/assets/compiled
  /Users/Gilad/.rbenv/versions/2.3.3/lib/ruby/gems/2.3.0/gems/actionview-5.1.4/lib/assets/compiled
  /Users/Gilad/Desktop/Git/ujs-demo/node_modules):
     5:     <%= csrf_meta_tags %>
     6: 
     7:     <%= stylesheet_link_tag    'application', media: 'all' %>
     8:     <%= javascript_include_tag 'application' %>
     9:   </head>
    10: 
    11:   <body>
  
app/assets/javascripts/application.js:14
app/views/layouts/application.html.erb:8:in `_app_views_layouts_application_html_erb__3869353327488996951_70280856964900'
Started GET "/" for 127.0.0.1 at 2017-10-09 23:22:40 -0500
Processing by KittensController#index as HTML
  Rendering kittens/index.html.erb within layouts/application
  [1m[36mKitten Load (0.3ms)[0m  [1m[34mSELECT "kittens".* FROM "kittens"[0m
  Rendered kittens/index.html.erb within layouts/application (7.7ms)
Completed 500 Internal Server Error in 23ms (ActiveRecord: 0.3ms)


  
ActionView::Template::Error (couldn't find file 'jquery-rails' with type 'application/javascript'
Checked in these paths: 
  /Users/Gilad/Desktop/Git/ujs-demo/app/assets/config
  /Users/Gilad/Desktop/Git/ujs-demo/app/assets/images
  /Users/Gilad/Desktop/Git/ujs-demo/app/assets/javascripts
  /Users/Gilad/Desktop/Git/ujs-demo/app/assets/stylesheets
  /Users/Gilad/.rbenv/versions/2.3.3/lib/ruby/gems/2.3.0/gems/coffee-rails-4.2.2/lib/assets/javascripts
  /Users/Gilad/.rbenv/versions/2.3.3/lib/ruby/gems/2.3.0/gems/actioncable-5.1.4/lib/assets/compiled
  /Users/Gilad/.rbenv/versions/2.3.3/lib/ruby/gems/2.3.0/gems/actionview-5.1.4/lib/assets/compiled
  /Users/Gilad/Desktop/Git/ujs-demo/node_modules):
     5:     <%= csrf_meta_tags %>
     6: 
     7:     <%= stylesheet_link_tag    'application', media: 'all' %>
     8:     <%= javascript_include_tag 'application' %>
     9:   </head>
    10: 
    11:   <body>
  
app/assets/javascripts/application.js:14
app/views/layouts/application.html.erb:8:in `_app_views_layouts_application_html_erb__3869353327488996951_70280856135040'
Started GET "/" for 127.0.0.1 at 2017-10-09 23:22:57 -0500
Processing by KittensController#index as HTML
  Rendering kittens/index.html.erb within layouts/application
  [1m[36mKitten Load (0.3ms)[0m  [1m[34mSELECT "kittens".* FROM "kittens"[0m
  Rendered kittens/index.html.erb within layouts/application (5.8ms)
Completed 200 OK in 38ms (Views: 34.4ms | ActiveRecord: 0.3ms)


Started POST "/kittens" for 127.0.0.1 at 2017-10-09 23:22:59 -0500
Processing by KittensController#create as JS
  Parameters: {"utf8"=>"✓", "authenticity_token"=>"bEhEO8P3mp7unYzfawobsE5QGjdPqZ7m95DrQ/XfurzbRLA5eoT01m2dpvHddFXNNllu55Ohn5HdAwgHyvsJNg==", "name"=>"", "color"=>"", "quirk"=>"", "commit"=>"Save "}
  [1m[35m (0.3ms)[0m  [1m[35mBEGIN[0m
  [1m[35mSQL (0.5ms)[0m  [1m[32mINSERT INTO "kittens" DEFAULT VALUES RETURNING "id"[0m
  [1m[35m (3.5ms)[0m  [1m[35mCOMMIT[0m
  Rendering kittens/create.js.erb
  Rendered kittens/_kitten.html.erb (1.0ms)
  Rendered kittens/_kitten.html.erb (0.2ms)
  Rendered kittens/create.js.erb (8.1ms)
Completed 200 OK in 70ms (Views: 16.1ms | ActiveRecord: 4.3ms)


Started GET "/" for 127.0.0.1 at 2017-10-09 23:24:45 -0500
Processing by KittensController#index as HTML
  Rendering kittens/index.html.erb within layouts/application
  [1m[36mKitten Load (0.3ms)[0m  [1m[34mSELECT "kittens".* FROM "kittens"[0m
  Rendered kittens/index.html.erb within layouts/application (4.8ms)
Completed 200 OK in 22ms (Views: 19.7ms | ActiveRecord: 0.3ms)


Started POST "/kittens" for 127.0.0.1 at 2017-10-09 23:24:47 -0500
Processing by KittensController#create as JS
  Parameters: {"utf8"=>"✓", "authenticity_token"=>"mgygUx+gV1VwmpfIXEKn8EA67XtYs5pNTlgWXoUAvZAtAFRRptM5HfOavebqPOmNODOZq4S7mzpky/UauiQOGg==", "name"=>"", "color"=>"", "quirk"=>"", "commit"=>"Save "}
  [1m[35m (0.2ms)[0m  [1m[35mBEGIN[0m
  [1m[35mSQL (0.4ms)[0m  [1m[32mINSERT INTO "kittens" DEFAULT VALUES RETURNING "id"[0m
  [1m[35m (0.8ms)[0m  [1m[35mCOMMIT[0m
  Rendering kittens/create.js.erb
  Rendered kittens/_kitten.html.erb (0.9ms)
  Rendered kittens/_kitten.html.erb (0.3ms)
  Rendered kittens/create.js.erb (7.9ms)
Completed 200 OK in 22ms (Views: 14.1ms | ActiveRecord: 1.4ms)


Started POST "/kittens" for 127.0.0.1 at 2017-10-09 23:24:56 -0500
Processing by KittensController#create as JS
  Parameters: {"utf8"=>"✓", "authenticity_token"=>"mgygUx+gV1VwmpfIXEKn8EA67XtYs5pNTlgWXoUAvZAtAFRRptM5HfOavebqPOmNODOZq4S7mzpky/UauiQOGg==", "name"=>"", "color"=>"", "quirk"=>"", "commit"=>"Save "}
  [1m[35m (0.2ms)[0m  [1m[35mBEGIN[0m
  [1m[35mSQL (0.3ms)[0m  [1m[32mINSERT INTO "kittens" DEFAULT VALUES RETURNING "id"[0m
  [1m[35m (3.0ms)[0m  [1m[35mCOMMIT[0m
  Rendering kittens/create.js.erb
  Rendered kittens/_kitten.html.erb (0.8ms)
  Rendered kittens/_kitten.html.erb (0.2ms)
  Rendered kittens/create.js.erb (6.3ms)
Completed 200 OK in 23ms (Views: 15.1ms | ActiveRecord: 3.5ms)


Started GET "/" for 127.0.0.1 at 2017-10-09 23:25:44 -0500
Processing by KittensController#index as HTML
  Rendering kittens/index.html.erb within layouts/application
  [1m[36mKitten Load (0.3ms)[0m  [1m[34mSELECT "kittens".* FROM "kittens"[0m
  Rendered kittens/index.html.erb within layouts/application (5.5ms)
Completed 500 Internal Server Error in 20ms (ActiveRecord: 0.3ms)


  
ActionView::Template::Error (couldn't find file 'jquery' with type 'application/javascript'
Checked in these paths: 
  /Users/Gilad/Desktop/Git/ujs-demo/app/assets/config
  /Users/Gilad/Desktop/Git/ujs-demo/app/assets/images
  /Users/Gilad/Desktop/Git/ujs-demo/app/assets/javascripts
  /Users/Gilad/Desktop/Git/ujs-demo/app/assets/stylesheets
  /Users/Gilad/.rbenv/versions/2.3.3/lib/ruby/gems/2.3.0/gems/coffee-rails-4.2.2/lib/assets/javascripts
  /Users/Gilad/.rbenv/versions/2.3.3/lib/ruby/gems/2.3.0/gems/actioncable-5.1.4/lib/assets/compiled
  /Users/Gilad/.rbenv/versions/2.3.3/lib/ruby/gems/2.3.0/gems/actionview-5.1.4/lib/assets/compiled
  /Users/Gilad/Desktop/Git/ujs-demo/node_modules):
     5:     <%= csrf_meta_tags %>
     6: 
     7:     <%= stylesheet_link_tag    'application', media: 'all' %>
     8:     <%= javascript_include_tag 'application' %>
     9:   </head>
    10: 
    11:   <body>
  
app/assets/javascripts/application.js:14
app/views/layouts/application.html.erb:8:in `_app_views_layouts_application_html_erb__3869353327488996951_70280879938560'
Started GET "/" for 127.0.0.1 at 2017-10-09 23:29:49 -0500
  [1m[35m (0.7ms)[0m  [1m[34mSELECT "schema_migrations"."version" FROM "schema_migrations" ORDER BY "schema_migrations"."version" ASC[0m
Processing by KittensController#index as HTML
  Rendering kittens/index.html.erb within layouts/application
  [1m[36mKitten Load (0.6ms)[0m  [1m[34mSELECT "kittens".* FROM "kittens"[0m
  Rendered kittens/index.html.erb within layouts/application (70.7ms)
Completed 200 OK in 703ms (Views: 692.1ms | ActiveRecord: 6.1ms)


Started POST "/kittens" for 127.0.0.1 at 2017-10-09 23:29:53 -0500
Processing by KittensController#create as JS
  Parameters: {"utf8"=>"✓", "authenticity_token"=>"dhScEzC7o9GXfc1Rx+5Wzgde3LlkAzpBnRdGLIRgs4rBGGgRicjNmRR9539xkBizf1eoabgLOza3hKVou0QAAA==", "name"=>"", "color"=>"", "quirk"=>"", "commit"=>"Save "}
  [1m[35m (0.2ms)[0m  [1m[35mBEGIN[0m
  [1m[35mSQL (0.5ms)[0m  [1m[32mINSERT INTO "kittens" DEFAULT VALUES RETURNING "id"[0m
  [1m[35m (13.1ms)[0m  [1m[35mCOMMIT[0m
  Rendering kittens/create.js.erb
  Rendered kittens/_kitten.html.erb (1.9ms)
  Rendered kittens/_kitten.html.erb (0.6ms)
  Rendered kittens/create.js.erb (13.1ms)
Completed 200 OK in 48ms (Views: 24.0ms | ActiveRecord: 13.7ms)


Started POST "/kittens" for 127.0.0.1 at 2017-10-09 23:29:55 -0500
Processing by KittensController#create as JS
  Parameters: {"utf8"=>"✓", "authenticity_token"=>"dhScEzC7o9GXfc1Rx+5Wzgde3LlkAzpBnRdGLIRgs4rBGGgRicjNmRR9539xkBizf1eoabgLOza3hKVou0QAAA==", "name"=>"", "color"=>"", "quirk"=>"", "commit"=>"Save "}
  [1m[35m (0.3ms)[0m  [1m[35mBEGIN[0m
  [1m[35mSQL (0.5ms)[0m  [1m[32mINSERT INTO "kittens" DEFAULT VALUES RETURNING "id"[0m
  [1m[35m (38.6ms)[0m  [1m[35mCOMMIT[0m
  Rendering kittens/create.js.erb
  Rendered kittens/_kitten.html.erb (1.0ms)
  Rendered kittens/_kitten.html.erb (0.2ms)
  Rendered kittens/create.js.erb (9.3ms)
Completed 200 OK in 66ms (Views: 18.7ms | ActiveRecord: 39.4ms)


  [1m[36mKitten Load (1.2ms)[0m  [1m[34mSELECT "kittens".* FROM "kittens"[0m
  [1m[35m (0.3ms)[0m  [1m[35mBEGIN[0m
  [1m[35mSQL (0.7ms)[0m  [1m[31mDELETE FROM "kittens" WHERE "kittens"."id" = $1[0m  [["id", 1]]
  [1m[35m (2.6ms)[0m  [1m[35mCOMMIT[0m
  [1m[35m (0.2ms)[0m  [1m[35mBEGIN[0m
  [1m[35mSQL (0.5ms)[0m  [1m[31mDELETE FROM "kittens" WHERE "kittens"."id" = $1[0m  [["id", 2]]
  [1m[35m (0.8ms)[0m  [1m[35mCOMMIT[0m
  [1m[35m (0.2ms)[0m  [1m[35mBEGIN[0m
  [1m[35mSQL (0.4ms)[0m  [1m[31mDELETE FROM "kittens" WHERE "kittens"."id" = $1[0m  [["id", 3]]
  [1m[35m (0.7ms)[0m  [1m[35mCOMMIT[0m
  [1m[35m (0.2ms)[0m  [1m[35mBEGIN[0m
  [1m[35mSQL (0.4ms)[0m  [1m[31mDELETE FROM "kittens" WHERE "kittens"."id" = $1[0m  [["id", 4]]
  [1m[35m (0.7ms)[0m  [1m[35mCOMMIT[0m
  [1m[35m (0.1ms)[0m  [1m[35mBEGIN[0m
  [1m[35mSQL (0.4ms)[0m  [1m[31mDELETE FROM "kittens" WHERE "kittens"."id" = $1[0m  [["id", 5]]
  [1m[35m (0.7ms)[0m  [1m[35mCOMMIT[0m
  [1m[35m (0.2ms)[0m  [1m[35mBEGIN[0m
  [1m[35mSQL (0.3ms)[0m  [1m[31mDELETE FROM "kittens" WHERE "kittens"."id" = $1[0m  [["id", 6]]
  [1m[35m (0.7ms)[0m  [1m[35mCOMMIT[0m
  [1m[35m (0.1ms)[0m  [1m[35mBEGIN[0m
  [1m[35mSQL (0.3ms)[0m  [1m[31mDELETE FROM "kittens" WHERE "kittens"."id" = $1[0m  [["id", 7]]
  [1m[35m (0.7ms)[0m  [1m[35mCOMMIT[0m
  [1m[35m (0.1ms)[0m  [1m[35mBEGIN[0m
  [1m[35mSQL (0.3ms)[0m  [1m[31mDELETE FROM "kittens" WHERE "kittens"."id" = $1[0m  [["id", 8]]
  [1m[35m (0.7ms)[0m  [1m[35mCOMMIT[0m
  [1m[35m (0.1ms)[0m  [1m[35mBEGIN[0m
  [1m[35mSQL (0.3ms)[0m  [1m[31mDELETE FROM "kittens" WHERE "kittens"."id" = $1[0m  [["id", 9]]
  [1m[35m (0.6ms)[0m  [1m[35mCOMMIT[0m
  [1m[35m (0.1ms)[0m  [1m[35mBEGIN[0m
  [1m[35mSQL (0.2ms)[0m  [1m[31mDELETE FROM "kittens" WHERE "kittens"."id" = $1[0m  [["id", 10]]
  [1m[35m (0.6ms)[0m  [1m[35mCOMMIT[0m
  [1m[35m (0.1ms)[0m  [1m[35mBEGIN[0m
  [1m[35mSQL (0.2ms)[0m  [1m[31mDELETE FROM "kittens" WHERE "kittens"."id" = $1[0m  [["id", 11]]
  [1m[35m (0.7ms)[0m  [1m[35mCOMMIT[0m
  [1m[35m (0.1ms)[0m  [1m[35mBEGIN[0m
  [1m[35mSQL (0.2ms)[0m  [1m[31mDELETE FROM "kittens" WHERE "kittens"."id" = $1[0m  [["id", 12]]
  [1m[35m (1.7ms)[0m  [1m[35mCOMMIT[0m
  [1m[35m (0.1ms)[0m  [1m[35mBEGIN[0m
  [1m[35mSQL (0.3ms)[0m  [1m[31mDELETE FROM "kittens" WHERE "kittens"."id" = $1[0m  [["id", 13]]
  [1m[35m (0.7ms)[0m  [1m[35mCOMMIT[0m
  [1m[35m (0.1ms)[0m  [1m[35mBEGIN[0m
  [1m[35mSQL (0.3ms)[0m  [1m[31mDELETE FROM "kittens" WHERE "kittens"."id" = $1[0m  [["id", 14]]
  [1m[35m (0.7ms)[0m  [1m[35mCOMMIT[0m
  [1m[35m (0.2ms)[0m  [1m[35mBEGIN[0m
  [1m[35mSQL (0.5ms)[0m  [1m[31mDELETE FROM "kittens" WHERE "kittens"."id" = $1[0m  [["id", 15]]
  [1m[35m (3.1ms)[0m  [1m[35mCOMMIT[0m
  [1m[35m (0.2ms)[0m  [1m[35mBEGIN[0m
  [1m[35mSQL (0.4ms)[0m  [1m[31mDELETE FROM "kittens" WHERE "kittens"."id" = $1[0m  [["id", 16]]
  [1m[35m (0.6ms)[0m  [1m[35mCOMMIT[0m
  [1m[35m (0.1ms)[0m  [1m[35mBEGIN[0m
  [1m[35mSQL (0.4ms)[0m  [1m[31mDELETE FROM "kittens" WHERE "kittens"."id" = $1[0m  [["id", 17]]
  [1m[35m (0.6ms)[0m  [1m[35mCOMMIT[0m
  [1m[35m (0.1ms)[0m  [1m[35mBEGIN[0m
  [1m[35mSQL (0.4ms)[0m  [1m[31mDELETE FROM "kittens" WHERE "kittens"."id" = $1[0m  [["id", 18]]
  [1m[35m (10.2ms)[0m  [1m[35mCOMMIT[0m
  [1m[35m (0.1ms)[0m  [1m[35mBEGIN[0m
  [1m[35mSQL (0.4ms)[0m  [1m[31mDELETE FROM "kittens" WHERE "kittens"."id" = $1[0m  [["id", 19]]
  [1m[35m (0.7ms)[0m  [1m[35mCOMMIT[0m
  [1m[35m (0.1ms)[0m  [1m[35mBEGIN[0m
  [1m[35mSQL (0.4ms)[0m  [1m[31mDELETE FROM "kittens" WHERE "kittens"."id" = $1[0m  [["id", 20]]
  [1m[35m (0.7ms)[0m  [1m[35mCOMMIT[0m
  [1m[35m (0.1ms)[0m  [1m[35mBEGIN[0m
  [1m[35mSQL (0.2ms)[0m  [1m[31mDELETE FROM "kittens" WHERE "kittens"."id" = $1[0m  [["id", 21]]
  [1m[35m (0.7ms)[0m  [1m[35mCOMMIT[0m
  [1m[35m (0.1ms)[0m  [1m[35mBEGIN[0m
  [1m[35mSQL (0.2ms)[0m  [1m[31mDELETE FROM "kittens" WHERE "kittens"."id" = $1[0m  [["id", 22]]
  [1m[35m (0.6ms)[0m  [1m[35mCOMMIT[0m
  [1m[35m (0.1ms)[0m  [1m[35mBEGIN[0m
  [1m[35mSQL (0.3ms)[0m  [1m[31mDELETE FROM "kittens" WHERE "kittens"."id" = $1[0m  [["id", 23]]
  [1m[35m (0.6ms)[0m  [1m[35mCOMMIT[0m
  [1m[35m (0.1ms)[0m  [1m[35mBEGIN[0m
  [1m[35mSQL (0.2ms)[0m  [1m[31mDELETE FROM "kittens" WHERE "kittens"."id" = $1[0m  [["id", 24]]
  [1m[35m (0.8ms)[0m  [1m[35mCOMMIT[0m
  [1m[35m (0.2ms)[0m  [1m[35mBEGIN[0m
  [1m[35mSQL (0.6ms)[0m  [1m[31mDELETE FROM "kittens" WHERE "kittens"."id" = $1[0m  [["id", 25]]
  [1m[35m (0.8ms)[0m  [1m[35mCOMMIT[0m
Started GET "/" for 127.0.0.1 at 2017-10-09 23:32:16 -0500
Processing by KittensController#index as HTML
  Rendering kittens/index.html.erb within layouts/application
  [1m[36mKitten Load (0.3ms)[0m  [1m[34mSELECT "kittens".* FROM "kittens"[0m
  Rendered kittens/index.html.erb within layouts/application (3.8ms)
Completed 200 OK in 26ms (Views: 23.0ms | ActiveRecord: 0.3ms)


Started POST "/kittens" for 127.0.0.1 at 2017-10-09 23:32:43 -0500
Processing by KittensController#create as JS
  Parameters: {"utf8"=>"✓", "authenticity_token"=>"E+KpVL9cokjuBYOMYgl/rHS8ZwmxuFgh8iRCbccXecik7l1WBi/MAG0FqaLUdzHRDLUT2W2wWVbYt6Ep+DPKQg==", "name"=>"Rutabaga", "color"=>"black", "quirk"=>"riding on shoulders", "commit"=>"Save "}
  [1m[35m (0.1ms)[0m  [1m[35mBEGIN[0m
  [1m[35mSQL (0.3ms)[0m  [1m[32mINSERT INTO "kittens" DEFAULT VALUES RETURNING "id"[0m
  [1m[35m (47.2ms)[0m  [1m[35mCOMMIT[0m
  Rendering kittens/create.js.erb
  Rendered kittens/_kitten.html.erb (0.7ms)
  Rendered kittens/_kitten.html.erb (0.1ms)
  Rendered kittens/create.js.erb (6.2ms)
Completed 200 OK in 69ms (Views: 13.8ms | ActiveRecord: 47.6ms)


Started GET "/kittens/26" for 127.0.0.1 at 2017-10-09 23:32:46 -0500
Processing by KittensController#show as JS
  Parameters: {"id"=>"26"}
Completed 200 OK in 0ms (Views: 0.1ms | ActiveRecord: 0.0ms)


Started GET "/kittens/26" for 127.0.0.1 at 2017-10-09 23:34:01 -0500
Processing by KittensController#show as JS
  Parameters: {"id"=>"26"}
  [1m[36mKitten Load (0.4ms)[0m  [1m[34mSELECT  "kittens".* FROM "kittens" WHERE "kittens"."id" = $1 LIMIT $2[0m  [["id", 26], ["LIMIT", 1]]
Completed 200 OK in 50ms (Views: 0.2ms | ActiveRecord: 4.0ms)


Started GET "/" for 127.0.0.1 at 2017-10-09 23:34:51 -0500
Processing by KittensController#index as HTML
  Rendering kittens/index.html.erb within layouts/application
  [1m[36mKitten Load (0.5ms)[0m  [1m[34mSELECT "kittens".* FROM "kittens"[0m
  Rendered kittens/index.html.erb within layouts/application (16.7ms)
Completed 200 OK in 58ms (Views: 47.2ms | ActiveRecord: 3.6ms)


Started GET "/kittens/26" for 127.0.0.1 at 2017-10-09 23:34:53 -0500
Processing by KittensController#show as JS
  Parameters: {"id"=>"26"}
  [1m[36mKitten Load (0.4ms)[0m  [1m[34mSELECT  "kittens".* FROM "kittens" WHERE "kittens"."id" = $1 LIMIT $2[0m  [["id", 26], ["LIMIT", 1]]
Completed 200 OK in 3ms (Views: 0.1ms | ActiveRecord: 0.4ms)


Started GET "/" for 127.0.0.1 at 2017-10-09 23:35:02 -0500
Processing by KittensController#index as HTML
  Rendering kittens/index.html.erb within layouts/application
  [1m[36mKitten Load (0.5ms)[0m  [1m[34mSELECT "kittens".* FROM "kittens"[0m
  Rendered kittens/index.html.erb within layouts/application (16.4ms)
Completed 200 OK in 37ms (Views: 27.8ms | ActiveRecord: 4.7ms)


Started GET "/kittens/26" for 127.0.0.1 at 2017-10-09 23:35:03 -0500
Processing by KittensController#show as JS
  Parameters: {"id"=>"26"}
  [1m[36mKitten Load (0.3ms)[0m  [1m[34mSELECT  "kittens".* FROM "kittens" WHERE "kittens"."id" = $1 LIMIT $2[0m  [["id", 26], ["LIMIT", 1]]
Completed 200 OK in 3ms (Views: 0.2ms | ActiveRecord: 0.3ms)


Started GET "/kittens/26" for 127.0.0.1 at 2017-10-09 23:35:28 -0500
Processing by KittensController#show as JS
  Parameters: {"id"=>"26"}
  [1m[36mKitten Load (0.2ms)[0m  [1m[34mSELECT  "kittens".* FROM "kittens" WHERE "kittens"."id" = $1 LIMIT $2[0m  [["id", 26], ["LIMIT", 1]]
Completed 200 OK in 14ms (Views: 0.3ms | ActiveRecord: 3.5ms)


Started POST "/kittens" for 127.0.0.1 at 2017-10-09 23:36:19 -0500
Processing by KittensController#create as JS
  Parameters: {"utf8"=>"✓", "authenticity_token"=>"Ss7sK7qcOCTt6K4DIE321w5tIzmD5NfZu11uhllvXpH9whgpA+9WbG7ohC2WM7iqdmRX6V/s1q6Rzo3CZkvtGw==", "name"=>"test", "color"=>"red", "quirk"=>"sdfsdfds", "commit"=>"Save "}
  [1m[35m (0.3ms)[0m  [1m[35mBEGIN[0m
  [1m[35mSQL (0.4ms)[0m  [1m[32mINSERT INTO "kittens" DEFAULT VALUES RETURNING "id"[0m
  [1m[35m (120.4ms)[0m  [1m[35mCOMMIT[0m
  Rendering kittens/create.js.erb
  Rendered kittens/_kitten.html.erb (1.3ms)
  Rendered kittens/_kitten.html.erb (0.3ms)
  Rendered kittens/create.js.erb (29.2ms)
Completed 200 OK in 186ms (Views: 37.6ms | ActiveRecord: 128.9ms)


Started GET "/" for 127.0.0.1 at 2017-10-09 23:37:21 -0500
Processing by KittensController#index as HTML
  Rendering kittens/index.html.erb within layouts/application
  Rendered kittens/index.html.erb within layouts/application (75.9ms)
Completed 500 Internal Server Error in 91ms (ActiveRecord: 0.0ms)


  
ActionView::Template::Error (wrong number of arguments (given 1, expected 0)):
    3: <a href="#" onclick="this.style.backgroundColor='red'">Paint it red</a>
    4: 
    5: 
    6: <%= form_with(@kitten) do |f| %>
    7:   <p>Name: <%= f.text_field :name %></p>
    8:   <p>Color: <%= f.text_field :color %></p>
    9:   <p>Quirk: <%= f.text_field :quirk %></p>
  
app/views/kittens/index.html.erb:6:in `_app_views_kittens_index_html_erb___116636752890376756_70195218179620'
Started GET "/" for 127.0.0.1 at 2017-10-09 23:37:38 -0500
Processing by KittensController#index as HTML
  Rendering kittens/index.html.erb within layouts/application
  Rendered kittens/index.html.erb within layouts/application (2.6ms)
Completed 500 Internal Server Error in 12ms (ActiveRecord: 0.0ms)


  
ActionView::Template::Error (wrong number of arguments (given 1, expected 0)):
    3: <a href="#" onclick="this.style.backgroundColor='red'">Paint it red</a>
    4: 
    5: 
    6: <%= form_with @kitten do |f| %>
    7:   <p>Name: <%= f.text_field :name %></p>
    8:   <p>Color: <%= f.text_field :color %></p>
    9:   <p>Quirk: <%= f.text_field :quirk %></p>
  
app/views/kittens/index.html.erb:6:in `_app_views_kittens_index_html_erb___116636752890376756_70195264260840'
Started GET "/" for 127.0.0.1 at 2017-10-09 23:37:47 -0500
Processing by KittensController#index as HTML
  Rendering kittens/index.html.erb within layouts/application
  [1m[36mKitten Load (0.5ms)[0m  [1m[34mSELECT "kittens".* FROM "kittens"[0m
  Rendered kittens/index.html.erb within layouts/application (6.3ms)
Completed 200 OK in 27ms (Views: 24.2ms | ActiveRecord: 0.5ms)


Started GET "/" for 127.0.0.1 at 2017-10-09 23:38:54 -0500
Processing by KittensController#index as HTML
  Rendering kittens/index.html.erb within layouts/application
  [1m[36mKitten Load (0.3ms)[0m  [1m[34mSELECT "kittens".* FROM "kittens"[0m
  Rendered kittens/index.html.erb within layouts/application (3.5ms)
Completed 200 OK in 26ms (Views: 22.8ms | ActiveRecord: 0.3ms)


Started POST "/kittens" for 127.0.0.1 at 2017-10-09 23:38:59 -0500
Processing by KittensController#create as JS
  Parameters: {"utf8"=>"✓", "authenticity_token"=>"nI6bjMj/5SzDekbBYeDgO3YjidlG775ohxoJA3Lp1gUrgm+OcYyLZEB6bO/Xnq5GDir9CZrnvx+tiepHTc1ljw==", "kitten"=>{"name"=>"test", "color"=>"werw", "quirk"=>"werewr"}, "commit"=>"Save Kitten"}
Completed 500 Internal Server Error in 2ms (ActiveRecord: 0.0ms)


  
ActiveModel::ForbiddenAttributesError (ActiveModel::ForbiddenAttributesError):
  
app/controllers/kittens_controller.rb:11:in `create'
Started GET "/" for 127.0.0.1 at 2017-10-09 23:41:53 -0500
Processing by KittensController#index as HTML
  Rendering kittens/index.html.erb within layouts/application
  [1m[36mKitten Load (0.3ms)[0m  [1m[34mSELECT "kittens".* FROM "kittens"[0m
  Rendered kittens/index.html.erb within layouts/application (13.7ms)
Completed 200 OK in 40ms (Views: 33.3ms | ActiveRecord: 3.1ms)


Started POST "/kittens" for 127.0.0.1 at 2017-10-09 23:42:00 -0500
Processing by KittensController#create as JS
  Parameters: {"utf8"=>"✓", "authenticity_token"=>"GusHxJrDOJfOMcrj9KlbZg0AYHhySQ9FE80sHadchjqt5/PGI7BW300x4M1C1xUbdQkUqK5BDjI5Xs9ZmHg1sA==", "kitten"=>{"name"=>"ao=", "color"=>"sds", "quirk"=>"sdgsd"}, "commit"=>"Save Kitten"}
Completed 500 Internal Server Error in 2ms (ActiveRecord: 0.0ms)


  
ActiveModel::ForbiddenAttributesError (ActiveModel::ForbiddenAttributesError):
  
app/controllers/kittens_controller.rb:11:in `create'
Started GET "/" for 127.0.0.1 at 2017-10-09 23:43:02 -0500
Processing by KittensController#index as HTML
  Rendering kittens/index.html.erb within layouts/application
  [1m[36mKitten Load (0.3ms)[0m  [1m[34mSELECT "kittens".* FROM "kittens"[0m
  Rendered kittens/index.html.erb within layouts/application (11.2ms)
Completed 200 OK in 36ms (Views: 28.6ms | ActiveRecord: 3.1ms)


Started POST "/kittens" for 127.0.0.1 at 2017-10-09 23:43:08 -0500
Processing by KittensController#create as JS
  Parameters: {"utf8"=>"✓", "authenticity_token"=>"xnQKCszSJnTqXfZ8fxnnIvnVy8HSR/LABxI/WzLhUg5xeP4IdaFIPGld3FLJZ6lfgdy/EQ5P87ctgdwfDcXhhA==", "kitten"=>{"name"=>"ewr", "color"=>"wewr", "quirk"=>"werewrwe"}, "commit"=>"Save Kitten"}
Completed 500 Internal Server Error in 1ms (ActiveRecord: 0.0ms)


  
ActiveModel::ForbiddenAttributesError (ActiveModel::ForbiddenAttributesError):
  
app/controllers/kittens_controller.rb:11:in `create'
Started GET "/" for 127.0.0.1 at 2017-10-09 23:44:41 -0500
Processing by KittensController#index as HTML
  Rendering kittens/index.html.erb within layouts/application
  [1m[36mKitten Load (0.4ms)[0m  [1m[34mSELECT "kittens".* FROM "kittens"[0m
  Rendered kittens/index.html.erb within layouts/application (12.5ms)
Completed 200 OK in 37ms (Views: 27.6ms | ActiveRecord: 3.2ms)


Started POST "/kittens" for 127.0.0.1 at 2017-10-09 23:44:42 -0500
Processing by KittensController#create as JS
  Parameters: {"utf8"=>"✓", "authenticity_token"=>"hzKzowYnqlWDwO2geYKPGf+JRLyickmOTawNFsdHLOQwPkehv1TEHQDAx47P/MFkh4AwbH56SPlnP+5S+GOfbg==", "kitten"=>{"name"=>"", "color"=>"", "quirk"=>""}, "commit"=>"Save Kitten"}
  [1m[35m (0.2ms)[0m  [1m[35mBEGIN[0m
  [1m[35mSQL (0.4ms)[0m  [1m[32mINSERT INTO "kittens" ("name", "color", "quirk") VALUES ($1, $2, $3) RETURNING "id"[0m  [["name", ""], ["color", ""], ["quirk", ""]]
  [1m[35m (2.3ms)[0m  [1m[35mCOMMIT[0m
  Rendering kittens/create.js.erb
  Rendered kittens/_kitten.html.erb (0.7ms)
  Rendered kittens/_kitten.html.erb (0.2ms)
  Rendered kittens/create.js.erb (6.6ms)
Completed 200 OK in 25ms (Views: 15.9ms | ActiveRecord: 2.9ms)


Started POST "/kittens" for 127.0.0.1 at 2017-10-09 23:44:48 -0500
Processing by KittensController#create as JS
  Parameters: {"utf8"=>"✓", "authenticity_token"=>"hzKzowYnqlWDwO2geYKPGf+JRLyickmOTawNFsdHLOQwPkehv1TEHQDAx47P/MFkh4AwbH56SPlnP+5S+GOfbg==", "kitten"=>{"name"=>"wer", "color"=>"werw", "quirk"=>"werwerw"}, "commit"=>"Save Kitten"}
  [1m[35m (0.2ms)[0m  [1m[35mBEGIN[0m
  [1m[35mSQL (0.4ms)[0m  [1m[32mINSERT INTO "kittens" ("name", "color", "quirk") VALUES ($1, $2, $3) RETURNING "id"[0m  [["name", "wer"], ["color", "werw"], ["quirk", "werwerw"]]
  [1m[35m (2.2ms)[0m  [1m[35mCOMMIT[0m
  Rendering kittens/create.js.erb
  Rendered kittens/_kitten.html.erb (0.8ms)
  Rendered kittens/_kitten.html.erb (0.2ms)
  Rendered kittens/create.js.erb (6.6ms)
Completed 200 OK in 24ms (Views: 16.0ms | ActiveRecord: 2.8ms)


Started GET "/kittens/29" for 127.0.0.1 at 2017-10-09 23:44:50 -0500
Processing by KittensController#show as JS
  Parameters: {"id"=>"29"}
  [1m[36mKitten Load (0.4ms)[0m  [1m[34mSELECT  "kittens".* FROM "kittens" WHERE "kittens"."id" = $1 LIMIT $2[0m  [["id", 29], ["LIMIT", 1]]
Completed 200 OK in 3ms (Views: 0.2ms | ActiveRecord: 0.4ms)


Started GET "/" for 127.0.0.1 at 2017-10-09 23:46:19 -0500
Processing by KittensController#index as HTML
  Rendering kittens/index.html.erb within layouts/application
  [1m[36mKitten Load (0.4ms)[0m  [1m[34mSELECT "kittens".* FROM "kittens"[0m
  Rendered kittens/index.html.erb within layouts/application (12.0ms)
Completed 200 OK in 35ms (Views: 27.0ms | ActiveRecord: 3.6ms)


Started GET "/kittens/29" for 127.0.0.1 at 2017-10-09 23:46:20 -0500
Processing by KittensController#show as JS
  Parameters: {"id"=>"29"}
  [1m[36mKitten Load (0.3ms)[0m  [1m[34mSELECT  "kittens".* FROM "kittens" WHERE "kittens"."id" = $1 LIMIT $2[0m  [["id", 29], ["LIMIT", 1]]
Completed 200 OK in 2ms (Views: 0.1ms | ActiveRecord: 0.3ms)


